\BOOKMARK [0][-]{chapter.1}{\376\377\000C\000o\000s\000m\000o\000l\000o\000g\000y}{}% 1
\BOOKMARK [1][-]{section.1.1}{\376\377\000I\000n\000t\000r\000o\000d\000u\000c\000t\000i\000o\000n}{chapter.1}% 2
\BOOKMARK [1][-]{section.1.2}{\376\377\000G\000e\000n\000e\000r\000a\000l\000\040\000R\000e\000l\000a\000t\000i\000v\000i\000t\000y}{chapter.1}% 3
\BOOKMARK [2][-]{subsection.1.2.1}{\376\377\000S\000m\000o\000o\000t\000h\000\040\000M\000a\000n\000i\000f\000o\000l\000d\000s}{section.1.2}% 4
\BOOKMARK [2][-]{subsection.1.2.2}{\376\377\000C\000u\000r\000v\000a\000t\000u\000r\000e}{section.1.2}% 5
\BOOKMARK [2][-]{subsection.1.2.3}{\376\377\000E\000i\000n\000s\000t\000e\000i\000n\000'\000s\000\040\000F\000i\000e\000l\000d\000\040\000E\000q\000u\000a\000t\000i\000o\000n}{section.1.2}% 6
\BOOKMARK [2][-]{subsection.1.2.4}{\376\377\000G\000a\000u\000g\000e\000\040\000C\000h\000o\000i\000c\000e}{section.1.2}% 7
\BOOKMARK [2][-]{subsection.1.2.5}{\376\377\000S\000c\000a\000l\000a\000r\000-\000V\000e\000c\000t\000o\000r\000-\000T\000e\000n\000s\000o\000r\000\040\000D\000e\000c\000o\000m\000p\000o\000s\000i\000t\000i\000o\000n}{section.1.2}% 8
\BOOKMARK [1][-]{section.1.3}{\376\377\000C\000D\000M\000:\000\040\000T\000h\000e\000\040\000S\000t\000a\000n\000d\000a\000r\000d\000\040\000M\000o\000d\000e\000l\000\040\000o\000f\000\040\000C\000o\000s\000m\000o\000l\000o\000g\000y}{chapter.1}% 9
\BOOKMARK [2][-]{subsection.1.3.1}{\376\377\000T\000h\000e\000\040\000F\000L\000R\000W\000\040\000M\000e\000t\000r\000i\000c\000\040\000a\000n\000d\000\040\000D\000a\000r\000k\000\040\000E\000n\000e\000r\000g\000y}{section.1.3}% 10
\BOOKMARK [2][-]{subsection.1.3.2}{\376\377\000i\000n\000f\000o\000r\000m\000a\000l\000\040\000n\000o\000t\000e\000s}{section.1.3}% 11
\BOOKMARK [0][-]{chapter.2}{\376\377\000C\000o\000n\000n\000e\000c\000t\000i\000n\000g\000\040\000t\000o\000\040\000E\000x\000p\000e\000r\000i\000m\000e\000n\000t\000s\000:\000\040\000T\000h\000e\000\040\000C\000M\000B\000\040\000a\000n\000d\000\040\000W\000e\000a\000k\000\040\000L\000e\000n\000s\000i\000n\000g}{}% 12
\BOOKMARK [1][-]{section.2.1}{\376\377\000T\000h\000e\000\040\000C\000o\000s\000m\000i\000c\000\040\000M\000i\000c\000r\000o\000w\000a\000v\000e\000\040\000B\000a\000c\000k\000g\000r\000o\000u\000n\000d}{chapter.2}% 13
\BOOKMARK [1][-]{section.2.2}{\376\377\000W\000e\000a\000k\000\040\000L\000e\000n\000s\000i\000n\000g}{chapter.2}% 14
\BOOKMARK [2][-]{subsection.2.2.1}{\376\377\000C\000o\000s\000m\000i\000c\000\040\000S\000h\000e\000a\000r}{section.2.2}% 15
\BOOKMARK [2][-]{subsection.2.2.2}{\376\377\000G\000a\000l\000a\000x\000y\000-\000G\000a\000l\000a\000x\000y\000\040\000L\000e\000n\000s\000i\000n\000g}{section.2.2}% 16
\BOOKMARK [2][-]{subsection.2.2.3}{\376\377\000G\000a\000l\000a\000x\000y\000\040\000C\000l\000u\000s\000t\000e\000r\000i\000n\000g}{section.2.2}% 17
\BOOKMARK [2][-]{subsection.2.2.4}{\376\377\000S\000y\000s\000t\000e\000m\000a\000t\000i\000c\000s}{section.2.2}% 18
\BOOKMARK [1][-]{section.2.3}{\376\377\000T\000e\000s\000t\000i\000n\000g\000\040\000C\000D\000M}{chapter.2}% 19
\BOOKMARK [1][-]{section.2.4}{\376\377\000C\000M\000B}{chapter.2}% 20
\BOOKMARK [2][-]{subsection.2.4.1}{\376\377\000T\000T\000,\000T\000E\000,\000E\000E\000\040\000P\000o\000w\000e\000r\000\040\000S\000p\000c\000e\000t\000r\000a}{section.2.4}% 21
\BOOKMARK [2][-]{subsection.2.4.2}{\376\377\000S\000y\000s\000t\000e\000m\000a\000t\000i\000c\000s}{section.2.4}% 22
\BOOKMARK [0][-]{chapter.3}{\376\377\000T\000e\000n\000s\000i\000o\000n}{}% 23
\BOOKMARK [1][-]{section.3.1}{\376\377\000T\000e\000n\000s\000i\000o\000n\000\040\000M\000e\000t\000r\000i\000c\000s}{chapter.3}% 24
\BOOKMARK [2][-]{subsection.3.1.1}{\376\377\000M\000e\000t\000r\000i\000c\000\040\0001\000:\000\040\000P\000a\000r\000a\000m\000e\000t\000e\000r\000\040\000D\000i\000f\000f\000e\000r\000e\000n\000c\000e}{section.3.1}% 25
\BOOKMARK [2][-]{subsection.3.1.2}{\376\377\000M\000e\000t\000r\000i\000c\000\040\0002\000:\000\040\000P\000a\000r\000a\000m\000e\000t\000e\000r\000\040\000D\000i\000f\000f\000e\000r\000e\000n\000c\000e\000\040\000i\000n\000\040\000U\000p\000d\000a\000t\000e\000\040\000F\000o\000r\000m}{section.3.1}% 26
\BOOKMARK [2][-]{subsection.3.1.3}{\376\377\000M\000e\000t\000r\000i\000c\000\040\0003\000:\000\040\000G\000o\000o\000d\000n\000e\000s\000s\000\040\000o\000f\000\040\000F\000i\000t\000\040\000D\000e\000g\000r\000a\000d\000a\000t\000i\000o\000n}{section.3.1}% 27
\BOOKMARK [2][-]{subsection.3.1.4}{\376\377\000M\000e\000t\000r\000i\000c\000\040\0004\000:\000\040\000E\000i\000g\000e\000n\000t\000e\000n\000s\000i\000o\000n}{section.3.1}% 28
\BOOKMARK [2][-]{subsection.3.1.5}{\376\377\000E\000v\000i\000d\000e\000n\000c\000e\000-\000B\000a\000s\000e\000d\000\040\000M\000e\000t\000r\000i\000c\000s}{section.3.1}% 29
\BOOKMARK [2][-]{subsection.3.1.6}{\376\377\000I\000n\000t\000e\000r\000p\000r\000e\000t\000i\000n\000g\000\040\000t\000h\000e\000\040\000R\000e\000s\000u\000l\000t\000s}{section.3.1}% 30
\BOOKMARK [2][-]{subsection.3.1.7}{\376\377\000D\000E\000S\000\040\000v\000\040\000P\000l\000a\000n\000c\000k\000\040\000R\000e\000s\000u\000l\000t\000s}{section.3.1}% 31
\BOOKMARK [2][-]{subsection.3.1.8}{\376\377\000B\000u\000i\000l\000d\000i\000n\000g\000\040\000f\000r\000o\000m\000\040\000p\000r\000e\000v\000i\000o\000u\000s\000\040\000r\000e\000s\000u\000l\000t\000s}{section.3.1}% 32
\BOOKMARK [1][-]{section.3.2}{\376\377\000M\000a\000r\000k\000o\000v\000\040\000C\000h\000a\000i\000n\000\040\000M\000o\000n\000t\000e\000\040\000C\000a\000r\000l\000o}{chapter.3}% 33
\BOOKMARK [2][-]{subsection.3.2.1}{\376\377\000T\000h\000e\000\040\000M\000e\000t\000r\000o\000p\000o\000l\000i\000s\000-\000H\000a\000s\000t\000i\000n\000g\000s\000\040\000A\000l\000g\000o\000r\000i\000t\000h\000m}{section.3.2}% 34
\BOOKMARK [1][-]{section.3.3}{\376\377\000D\000a\000t\000a\000\040\000E\000m\000u\000l\000a\000t\000o\000r\000s}{chapter.3}% 35
\BOOKMARK [2][-]{subsection.3.3.1}{\376\377\000L\000S\000S\000T\000\040\000E\000m\000u\000l\000a\000t\000o\000r}{section.3.3}% 36
\BOOKMARK [2][-]{subsection.3.3.2}{\376\377\000P\000l\000a\000n\000c\000k\000\040\000C\000\040\000E\000m\000u\000l\000a\000t\000o\000r}{section.3.3}% 37
\BOOKMARK [1][-]{section.3.4}{\376\377\000N\000o\000r\000m\000a\000l\000i\000z\000i\000n\000g\000\040\000F\000l\000o\000w\000s}{chapter.3}% 38
\BOOKMARK [0][-]{chapter.4}{\376\377\000A\000p\000p\000r\000o\000x\000i\000m\000a\000t\000i\000n\000g\000\040\000T\000e\000n\000s\000i\000o\000n\000\040\000B\000e\000t\000w\000e\000e\000n\000\040\000L\000S\000S\000T\000\040\000a\000n\000d\000\040\000P\000l\000a\000n\000c\000k}{}% 39
\BOOKMARK [1][-]{section.4.1}{\376\377\000N\000o\000i\000s\000e\000\040\000R\000e\000a\000l\000i\000z\000a\000t\000i\000o\000n\000s\000\040\000o\000f\000\040\000t\000h\000e\000\040\000D\000a\000t\000a}{chapter.4}% 40
\BOOKMARK [2][-]{subsection.4.1.1}{\376\377\000D\000a\000t\000a\000\040\000E\000m\000u\000l\000a\000t\000o\000r\000s}{section.4.1}% 41
\BOOKMARK [2][-]{subsection.4.1.2}{\376\377\000R\000e\000s\000u\000l\000t\000s}{section.4.1}% 42
\BOOKMARK [1][-]{section.4.2}{\376\377\000T\000e\000n\000s\000i\000o\000n\000\040\000F\000r\000o\000m\000\040\000S\000h\000i\000f\000t\000e\000d\000\040\000C\000o\000s\000m\000o\000l\000o\000g\000i\000e\000s}{chapter.4}% 43
\BOOKMARK [2][-]{subsection.4.2.1}{\376\377\000A\000p\000p\000r\000o\000x\000i\000m\000a\000t\000e\000d\000\040\0008}{section.4.2}% 44
\BOOKMARK [2][-]{subsection.4.2.2}{\376\377\000R\000e\000s\000u\000l\000t\000s}{section.4.2}% 45
